2016:10:31 16:44:03: Pipeline started
2016:10:31 16:44:03: Task started: Task-1
Test pipeline: yaml_pipeline
2016:10:31 16:44:03: Task finished, name: Task-1, status: 0, msg: Test pipeline: yaml_pipeline

2016:10:31 16:44:03: Task started: Task-2
test
2016:10:31 16:44:03: Task finished, name: Task-2, status: 0, msg: test

2016:10:31 16:44:03: Task started: Task-3
third task
2016:10:31 16:44:03: Task finished, name: Task-3, status: 0, msg: third task

2016:10:31 16:44:03: Task started: Task-4
For-Developers.md	bin			setup.py
MANIFEST.in		docs			test
Makefile		etc			ui
README.md		fixtures		venv
README.rst		pipelines
app			requirements.txt
2016:10:31 16:44:03: Task finished, name: Task-4, status: 0, msg: For-Developers.md	bin			setup.py
MANIFEST.in		docs			test
Makefile		etc			ui
README.md		fixtures		venv
README.rst		pipelines
app			requirements.txt

2016:10:31 16:44:03: Task started: Task-5
success
2016:10:31 16:44:03: Task finished, name: Task-5, status: 0, msg: success

2016:10:31 16:44:03: Pipeline finished. Duration: 0.14s, 0 failed tasks
