2016:10:26 18:33:51: Pipeline started
2016:10:26 18:33:51: Task started: Task-1
Pre sleep task
2016:10:26 18:33:51: Task finished, name: Task-1, status: 0, msg: Pre sleep task

2016:10:26 18:33:51: Task started: Task-2
2016:10:26 18:33:55: Task finished, name: Task-2, status: 0, msg: 
2016:10:26 18:33:55: Task started: Task-3
2016:10:26 18:33:59: Task finished, name: Task-3, status: 0, msg: 
2016:10:26 18:33:59: Task started: Task-4
2016:10:26 18:34:03: Task finished, name: Task-4, status: 0, msg: 
2016:10:26 18:34:03: Task started: Task-5
2016:10:26 18:34:07: Task finished, name: Task-5, status: 0, msg: 
2016:10:26 18:34:07: Task started: Task-6
2016:10:26 18:34:11: Task finished, name: Task-6, status: 0, msg: 
2016:10:26 18:34:11: Task started: Task-7
2016:10:26 18:34:15: Task finished, name: Task-7, status: 0, msg: 
2016:10:26 18:34:15: Task started: Task-8
2016:10:26 18:34:19: Task finished, name: Task-8, status: 0, msg: 
2016:10:26 18:34:19: Task started: Task-9
2016:10:26 18:34:23: Task finished, name: Task-9, status: 0, msg: 
2016:10:26 18:34:23: Task started: Task-10
2016:10:26 18:34:27: Task finished, name: Task-10, status: 0, msg: 
2016:10:26 18:34:27: Task started: Task-11
2016:10:26 18:34:32: Task finished, name: Task-11, status: 0, msg: 
2016:10:26 18:34:32: Task started: Task-12
2016:10:26 18:34:36: Task finished, name: Task-12, status: 0, msg: 
2016:10:26 18:34:36: Task started: Task-13
2016:10:26 18:34:40: Task finished, name: Task-13, status: 0, msg: 
2016:10:26 18:34:40: Task started: Task-14
2016:10:26 18:34:44: Task finished, name: Task-14, status: 0, msg: 
2016:10:26 18:34:44: Task started: Task-15
2016:10:26 18:34:48: Task finished, name: Task-15, status: 0, msg: 
2016:10:26 18:34:48: Task started: Task-16
2016:10:26 18:34:52: Task finished, name: Task-16, status: 0, msg: 
2016:10:26 18:34:52: Task started: Task-17
2016:10:26 18:34:56: Task finished, name: Task-17, status: 0, msg: 
2016:10:26 18:34:56: Task started: Task-18
Post sleep task
2016:10:26 18:34:56: Task finished, name: Task-18, status: 0, msg: Post sleep task

2016:10:26 18:34:56: Pipeline finished. Duration: 1.0m 4.82s, 0 failed tasks
