2016:10:26 17:45:49: Pipeline started
2016:10:26 17:45:49: Task started: Task-1
Pre sleep task
2016:10:26 17:45:49: Task finished, name: Task-1, status: 0, msg: Pre sleep task

2016:10:26 17:45:49: Task started: Task-2
2016:10:26 17:45:53: Task finished, name: Task-2, status: 0, msg: 
2016:10:26 17:45:53: Task started: Task-3
2016:10:26 17:45:57: Task finished, name: Task-3, status: 0, msg: 
2016:10:26 17:45:57: Task started: Task-4
2016:10:26 17:46:01: Task finished, name: Task-4, status: 0, msg: 
2016:10:26 17:46:01: Task started: Task-5
2016:10:26 17:46:05: Task finished, name: Task-5, status: 0, msg: 
2016:10:26 17:46:05: Task started: Task-6
2016:10:26 17:46:09: Task finished, name: Task-6, status: 0, msg: 
2016:10:26 17:46:09: Task started: Task-7
2016:10:26 17:46:13: Task finished, name: Task-7, status: 0, msg: 
2016:10:26 17:46:13: Task started: Task-8
2016:10:26 17:46:17: Task finished, name: Task-8, status: 0, msg: 
2016:10:26 17:46:17: Task started: Task-9
2016:10:26 17:46:21: Task finished, name: Task-9, status: 0, msg: 
2016:10:26 17:46:21: Task started: Task-10
2016:10:26 17:46:25: Task finished, name: Task-10, status: 0, msg: 
2016:10:26 17:46:25: Task started: Task-11
2016:10:26 17:46:29: Task finished, name: Task-11, status: 0, msg: 
2016:10:26 17:46:29: Task started: Task-12
2016:10:26 17:46:33: Task finished, name: Task-12, status: 0, msg: 
2016:10:26 17:46:33: Task started: Task-13
2016:10:26 17:46:38: Task finished, name: Task-13, status: 0, msg: 
2016:10:26 17:46:38: Task started: Task-14
2016:10:26 17:46:42: Task finished, name: Task-14, status: 0, msg: 
2016:10:26 17:46:42: Task started: Task-15
2016:10:26 17:46:46: Task finished, name: Task-15, status: 0, msg: 
2016:10:26 17:46:46: Task started: Task-16
2016:10:26 17:46:50: Task finished, name: Task-16, status: 0, msg: 
2016:10:26 17:46:50: Task started: Task-17
2016:10:26 17:46:54: Task finished, name: Task-17, status: 0, msg: 
2016:10:26 17:46:54: Task started: Task-18
Post sleep task
2016:10:26 17:46:54: Task finished, name: Task-18, status: 0, msg: Post sleep task

2016:10:26 17:46:54: Pipeline finished. Duration: 1.0m 4.97s, 0 failed tasks
