2016:10:26 17:48:01: Pipeline started
2016:10:26 17:48:01: Task started: Task-1
Pre sleep task
2016:10:26 17:48:01: Task finished, name: Task-1, status: 0, msg: Pre sleep task

2016:10:26 17:48:01: Task started: Task-2
2016:10:26 17:48:05: Task finished, name: Task-2, status: 0, msg: 
2016:10:26 17:48:05: Task started: Task-3
2016:10:26 17:48:09: Task finished, name: Task-3, status: 0, msg: 
2016:10:26 17:48:09: Task started: Task-4
2016:10:26 17:48:13: Task finished, name: Task-4, status: 0, msg: 
2016:10:26 17:48:13: Task started: Task-5
2016:10:26 17:48:17: Task finished, name: Task-5, status: 0, msg: 
2016:10:26 17:48:17: Task started: Task-6
2016:10:26 17:48:21: Task finished, name: Task-6, status: 0, msg: 
2016:10:26 17:48:22: Task started: Task-7
2016:10:26 17:48:26: Task finished, name: Task-7, status: 0, msg: 
2016:10:26 17:48:26: Task started: Task-8
2016:10:26 17:48:30: Task finished, name: Task-8, status: 0, msg: 
2016:10:26 17:48:30: Task started: Task-9
2016:10:26 17:48:34: Task finished, name: Task-9, status: 0, msg: 
2016:10:26 17:48:34: Task started: Task-10
2016:10:26 17:48:38: Task finished, name: Task-10, status: 0, msg: 
2016:10:26 17:48:38: Task started: Task-11
2016:10:26 17:48:42: Task finished, name: Task-11, status: 0, msg: 
2016:10:26 17:48:42: Task started: Task-12
2016:10:26 17:48:46: Task finished, name: Task-12, status: 0, msg: 
2016:10:26 17:48:46: Task started: Task-13
2016:10:26 17:48:50: Task finished, name: Task-13, status: 0, msg: 
2016:10:26 17:48:50: Task started: Task-14
2016:10:26 17:48:54: Task finished, name: Task-14, status: 0, msg: 
2016:10:26 17:48:54: Task started: Task-15
2016:10:26 17:48:58: Task finished, name: Task-15, status: 0, msg: 
2016:10:26 17:48:58: Task started: Task-16
2016:10:26 17:49:02: Task finished, name: Task-16, status: 0, msg: 
2016:10:26 17:49:02: Task started: Task-17
2016:10:26 17:49:06: Task finished, name: Task-17, status: 0, msg: 
2016:10:26 17:49:06: Task started: Task-18
Post sleep task
2016:10:26 17:49:06: Task finished, name: Task-18, status: 0, msg: Post sleep task

2016:10:26 17:49:06: Pipeline finished. Duration: 1.0m 4.84s, 0 failed tasks
